2025-01-01 22:57:43,689 - db_helper - INFO - fetch_expenses_summary called with 2024-08-01 end: 2024-08-05
2025-01-01 22:59:10,162 - db_helper - INFO - fetch_expenses_for_date called with 2024-08-01
2025-01-01 22:59:26,713 - db_helper - INFO - fetch_expenses_for_date called with 2024-08-01
2025-01-01 23:02:08,507 - db_helper - INFO - fetch_expenses_summary called with 2024-08-01 end: 2024-08-05
2025-01-01 23:14:37,133 - db_helper - INFO - fetch_expenses_for_date called with 2024-08-01
2025-01-01 23:14:57,393 - db_helper - INFO - fetch_expenses_for_date called with 2024-08-03
2025-01-01 23:15:45,934 - db_helper - INFO - delete_expenses_for_date called with 2024-08-28
2025-01-01 23:15:45,956 - db_helper - INFO - insert_expenses called with date 2024-08-28
2025-01-01 23:20:46,010 - db_helper - INFO - delete_expenses_for_date called with 2024-08-28
2025-01-01 23:20:46,027 - db_helper - INFO - insert_expenses called with date 2024-08-28
2025-01-01 23:21:50,380 - db_helper - INFO - fetch_expenses_summary called with 2024-08-01 end: 2024-08-05
2025-01-01 23:23:12,892 - db_helper - INFO - delete_expenses_for_date called with 2024-08-28
2025-01-01 23:23:12,909 - db_helper - INFO - insert_expenses called with date 2024-08-28
2025-01-01 23:24:18,209 - db_helper - INFO - delete_expenses_for_date called with 2024-08-28
2025-01-01 23:24:18,220 - db_helper - INFO - insert_expenses called with date 2024-08-28
2025-01-01 23:24:40,553 - db_helper - INFO - delete_expenses_for_date called with 2024-08-29
2025-01-01 23:24:40,558 - db_helper - INFO - insert_expenses called with date 2024-08-29
2025-01-01 23:39:12,604 - db_helper - INFO - delete_expenses_for_date called with 2024-08-29
2025-01-01 23:39:12,701 - db_helper - INFO - insert_expense called with date: 2024-08-29, amount: 24.0, category: Shopping, notes: Bought a Merc Car
2025-01-02 00:14:45,526 - db_helper - INFO - fetch_expenses_for_date called with 2024-08-01
2025-01-02 00:14:55,482 - db_helper - INFO - fetch_expenses_for_date called with 2024-08-02
2025-01-02 00:28:52,241 - db_helper - INFO - fetch_expenses_for_date called with 2024-08-02
2025-01-02 00:29:20,577 - db_helper - INFO - fetch_expenses_for_date called with 2024-08-01
2025-01-02 00:30:18,097 - db_helper - INFO - fetch_expenses_for_date called with 2024-08-01
2025-01-02 00:32:06,475 - db_helper - INFO - fetch_expenses_for_date called with 2024-08-01
2025-01-02 00:33:45,243 - db_helper - INFO - fetch_expenses_for_date called with 2024-08-01
2025-01-02 00:33:59,877 - db_helper - INFO - fetch_expenses_for_date called with 2024-08-01
2025-01-02 00:34:56,621 - db_helper - INFO - fetch_expenses_for_date called with 2024-08-01
2025-01-02 00:35:30,055 - db_helper - INFO - fetch_expenses_for_date called with 2024-08-01
2025-01-02 00:39:04,311 - db_helper - INFO - fetch_expenses_for_date called with 2024-08-01
2025-01-02 00:39:46,634 - db_helper - INFO - fetch_expenses_for_date called with 2024-08-01
2025-01-02 00:47:19,862 - db_helper - INFO - fetch_expenses_for_date called with 2024-08-01
2025-01-02 00:50:14,037 - db_helper - INFO - fetch_expenses_for_date called with 2024-08-08
2025-01-02 00:50:19,119 - db_helper - INFO - fetch_expenses_for_date called with 2024-08-02
2025-01-02 00:50:24,428 - db_helper - INFO - fetch_expenses_for_date called with 2024-08-03
2025-01-02 00:50:30,653 - db_helper - INFO - fetch_expenses_for_date called with 2024-08-04
2025-01-02 00:50:35,747 - db_helper - INFO - fetch_expenses_for_date called with 2024-08-15
2025-01-02 00:55:34,738 - db_helper - INFO - fetch_expenses_for_date called with 2024-08-15
2025-01-02 00:55:41,629 - db_helper - INFO - fetch_expenses_for_date called with 2024-08-07
2025-01-02 01:00:42,838 - db_helper - INFO - fetch_expenses_for_date called with 2024-08-07
2025-01-02 01:00:44,940 - db_helper - INFO - delete_expenses_for_date called with 2024-08-07
2025-01-02 01:00:44,952 - db_helper - INFO - insert_expense called with date: 2024-08-07, amount: 20.0, category: Shopping, notes: bought coco
2025-01-02 01:00:44,968 - db_helper - INFO - insert_expense called with date: 2024-08-07, amount: 10.0, category: Shopping, notes: bought hair oil
2025-01-02 01:00:44,968 - db_helper - INFO - insert_expense called with date: 2024-08-07, amount: 40.0, category: Food, notes: Ate Pakoda
2025-01-02 01:01:27,472 - db_helper - INFO - fetch_expenses_for_date called with 2024-08-01
2025-01-02 01:01:31,727 - db_helper - INFO - fetch_expenses_for_date called with 2024-08-07
2025-01-03 00:15:07,575 - db_helper - INFO - fetch_expenses_summary called with 2024-08-01 end: 2024-08-05
2025-01-03 00:33:44,725 - db_helper - INFO - fetch_expenses_summary called with 2024-08-01 end: 2024-08-05
2025-01-03 00:36:10,952 - db_helper - INFO - fetch_expenses_summary called with 2024-08-01 end: 2024-08-05
2025-01-03 00:39:25,202 - db_helper - INFO - delete_expenses_for_date called with 2024-08-29
2025-01-03 00:39:25,202 - db_helper - INFO - fetch_expenses_for_date called with 2024-08-03
2025-01-03 00:39:25,240 - db_helper - INFO - insert_expense called with date: 2024-08-29, amount: 24.0, category: Shopping, notes: Bought a Merc Car
2025-01-03 00:58:27,880 - db_helper - INFO - fetch_expenses_summary called with 2024-08-01 end: 2024-08-05
2025-01-03 01:27:19,229 - db_helper - INFO - fetch_expenses_for_date called with 2024-08-01
2025-01-03 02:01:01,316 - db_helper - INFO - fetch_expenses_for_date called with 2024-08-01
2025-01-03 02:01:59,434 - db_helper - INFO - fetch_expenses_for_date called with 2024-08-01
2025-01-03 02:10:08,019 - db_helper - INFO - fetch_expenses_for_date called with 2024-08-01
2025-01-03 02:10:20,761 - db_helper - INFO - fetch_expenses_for_date called with 2024-08-01
2025-01-03 02:10:22,145 - db_helper - INFO - fetch_expenses_for_date called with 2024-08-01
2025-01-03 02:10:22,877 - db_helper - INFO - fetch_expenses_for_date called with 2024-08-01
2025-01-03 02:10:24,983 - db_helper - INFO - fetch_expenses_summary called with 2024-08-01 end: 2024-08-05
2025-01-03 02:10:43,874 - db_helper - INFO - fetch_expenses_for_date called with 2024-08-01
2025-01-03 02:10:47,736 - db_helper - INFO - fetch_expenses_for_date called with 2024-08-01
2025-01-03 02:10:49,862 - db_helper - INFO - fetch_expenses_summary called with 2024-08-01 end: 2024-08-05
2025-01-03 02:11:41,519 - db_helper - INFO - fetch_expenses_for_date called with 2024-08-01
2025-01-03 02:11:44,454 - db_helper - INFO - fetch_expenses_for_date called with 2024-08-01
2025-01-03 02:11:46,536 - db_helper - INFO - fetch_expenses_summary called with 2024-08-01 end: 2024-08-05
2025-01-03 02:13:43,401 - db_helper - INFO - fetch_expenses_for_date called with 2024-08-01
2025-01-03 02:13:46,987 - db_helper - INFO - fetch_expenses_for_date called with 2024-08-01
2025-01-03 02:13:49,095 - db_helper - INFO - fetch_expenses_summary called with 2024-08-01 end: 2024-08-05
2025-01-03 02:14:11,371 - db_helper - INFO - fetch_expenses_for_date called with 2024-08-01
2025-01-03 02:14:14,703 - db_helper - INFO - fetch_expenses_for_date called with 2024-08-01
2025-01-03 02:14:16,815 - db_helper - INFO - fetch_expenses_summary called with 2024-08-01 end: 2024-08-05
2025-01-03 02:18:54,098 - db_helper - INFO - fetch_expenses_for_date called with 2024-08-01
2025-01-03 02:18:58,682 - db_helper - INFO - fetch_expenses_for_date called with 2024-08-01
2025-01-03 02:19:00,774 - db_helper - INFO - fetch_expenses_summary called with 2024-08-01 end: 2024-08-05
2025-01-03 02:23:56,578 - db_helper - INFO - fetch_expenses_for_date called with 2024-08-01
2025-01-03 02:24:00,313 - db_helper - INFO - fetch_expenses_for_date called with 2024-08-01
2025-01-03 02:24:02,451 - db_helper - INFO - fetch_expenses_summary called with 2024-08-01 end: 2024-08-05
2025-01-03 02:42:12,350 - db_helper - INFO - fetch_expenses_for_date called with 2024-08-01
2025-01-03 02:42:16,281 - db_helper - INFO - fetch_expenses_for_date called with 2024-08-01
2025-01-03 02:42:18,387 - db_helper - INFO - fetch_expenses_summary called with 2024-08-01 end: 2024-08-05
2025-01-03 15:30:56,137 - db_helper - INFO - fetch_expenses_for_date called with 2024-08-01
2025-01-03 15:31:08,735 - db_helper - INFO - fetch_expenses_for_date called with 2024-08-01
2025-01-03 15:31:10,848 - db_helper - INFO - fetch_expenses_summary called with 2024-08-01 end: 2024-08-05
2025-01-03 15:33:02,109 - db_helper - INFO - fetch_expenses_for_date called with 2024-08-01
2025-01-03 15:34:53,105 - db_helper - INFO - fetch_expenses_for_date called with 2024-08-01
2025-01-03 15:41:46,805 - db_helper - INFO - fetch_expenses_for_date called with 2024-08-01
2025-01-03 15:42:02,743 - db_helper - INFO - fetch_expenses_for_date called with 2024-08-01
2025-01-03 15:42:04,849 - db_helper - INFO - fetch_expenses_summary called with 2024-08-01 end: 2024-08-05
2025-01-03 15:46:03,707 - db_helper - INFO - fetch_expenses_for_date called with 2024-08-01
2025-01-03 15:47:26,238 - db_helper - INFO - fetch_expenses_for_date called with 2024-08-01
2025-01-03 16:02:09,008 - db_helper - INFO - fetch_expenses_for_date called with 2024-08-01
2025-01-03 16:03:56,262 - db_helper - INFO - fetch_expenses_for_date called with 2024-08-01
2025-01-03 16:03:58,363 - db_helper - INFO - fetch_expenses_summary called with 2024-08-01 end: 2024-08-05
2025-01-03 16:12:44,351 - db_helper - INFO - fetch_monthly_expense_summary called with start: 2024-08-01 end: 2024-09-05
2025-01-03 16:32:34,339 - db_helper - INFO - fetch_monthly_expense_summary called with start: 2024-08-01 end: 2024-09-05
2025-01-03 16:33:23,235 - db_helper - INFO - fetch_expenses_for_date called with 2024-08-01
2025-01-03 16:33:34,812 - db_helper - INFO - fetch_expenses_for_date called with 2024-08-01
2025-01-03 16:33:36,907 - db_helper - INFO - fetch_expenses_summary called with 2024-08-01 end: 2024-08-05
2025-01-03 16:50:48,498 - db_helper - INFO - fetch_expenses_for_date called with 2024-08-01
2025-01-03 16:50:58,567 - db_helper - INFO - fetch_expenses_for_date called with 2024-08-01
2025-01-03 16:53:28,761 - db_helper - INFO - fetch_expenses_for_date called with 2024-08-01
2025-01-03 16:53:32,633 - db_helper - INFO - fetch_expenses_for_date called with 2024-08-01
2025-01-03 17:01:36,614 - db_helper - INFO - fetch_expenses_for_date called with 2024-08-01
2025-01-03 17:01:40,401 - db_helper - INFO - fetch_expenses_for_date called with 2024-08-01
2025-01-03 17:01:42,512 - db_helper - INFO - fetch_monthly_expense_summary called with start: 2024-08-01 end: 2024-08-05
2025-01-03 17:04:11,152 - db_helper - INFO - fetch_expenses_for_date called with 2024-08-01
2025-01-03 17:04:13,253 - db_helper - INFO - fetch_monthly_expense_summary called with start: 2024-08-01 end: 2024-08-05
2025-01-03 17:04:30,503 - db_helper - INFO - fetch_expenses_for_date called with 2024-08-01
2025-01-03 17:04:35,357 - db_helper - INFO - fetch_expenses_for_date called with 2024-08-01
2025-01-03 17:04:37,468 - db_helper - INFO - fetch_monthly_expense_summary called with start: 2024-08-01 end: 2024-09-30
2025-01-03 17:05:01,706 - db_helper - INFO - fetch_expenses_for_date called with 2024-08-01
2025-01-03 17:05:03,785 - db_helper - INFO - fetch_expenses_summary called with 2024-08-01 end: 2024-08-05
2025-01-03 17:06:48,166 - db_helper - INFO - fetch_expenses_for_date called with 2024-08-01
2025-01-03 17:06:50,266 - db_helper - INFO - fetch_monthly_expense_summary called with start: 2024-08-01 end: 2024-09-30
2025-01-03 17:13:37,993 - db_helper - INFO - fetch_expenses_for_date called with 2024-08-01
2025-01-03 17:13:41,784 - db_helper - INFO - fetch_expenses_for_date called with 2024-08-01
2025-01-03 17:13:43,930 - db_helper - INFO - fetch_monthly_expense_summary called with start: 2024-08-01 end: 2024-09-30
2025-01-03 17:14:08,466 - db_helper - INFO - fetch_expenses_for_date called with 2024-08-01
2025-01-03 17:14:12,100 - db_helper - INFO - fetch_expenses_for_date called with 2024-08-01
2025-01-03 17:14:14,221 - db_helper - INFO - fetch_monthly_expense_summary called with start: 2024-08-01 end: 2024-09-30
2025-01-03 17:17:22,765 - db_helper - INFO - fetch_expenses_for_date called with 2024-08-01
2025-01-03 17:17:29,982 - db_helper - INFO - fetch_expenses_for_date called with 2024-08-01
2025-01-03 17:17:33,232 - db_helper - INFO - fetch_expenses_for_date called with 2024-08-01
2025-01-03 17:17:35,354 - db_helper - INFO - fetch_expenses_summary called with 2024-08-01 end: 2024-08-05
2025-01-03 17:17:45,065 - db_helper - INFO - fetch_expenses_for_date called with 2024-08-01
2025-01-03 17:17:47,195 - db_helper - INFO - fetch_monthly_expense_summary called with start: 2024-08-01 end: 2024-08-05
2025-01-03 17:36:24,405 - db_helper - INFO - fetch_expenses_for_date called with 2024-08-01
2025-01-03 18:01:50,453 - db_helper - INFO - fetch_expenses_for_date called with 2024-08-02
2025-01-03 18:03:17,189 - db_helper - INFO - fetch_expenses_for_date called with 2024-08-01
2025-01-03 18:03:18,804 - db_helper - INFO - fetch_expenses_for_date called with 2024-08-01
2025-01-03 18:03:20,896 - db_helper - INFO - delete_expenses_for_date called with 2024-08-01
2025-01-03 18:03:20,935 - db_helper - INFO - insert_expense called with date: 2024-08-01, amount: 1227.0, category: Rent, notes: Monthly rent payment
2025-01-03 18:03:20,950 - db_helper - INFO - insert_expense called with date: 2024-08-01, amount: 300.0, category: Food, notes: Groceries for the week
2025-01-03 18:03:20,964 - db_helper - INFO - insert_expense called with date: 2024-08-01, amount: 1200.0, category: Rent, notes: Monthly rent payment
2025-01-03 18:03:20,976 - db_helper - INFO - insert_expense called with date: 2024-08-01, amount: 300.0, category: Food, notes: Groceries for the week
2025-01-03 18:07:17,626 - db_helper - INFO - fetch_expenses_for_date called with 2024-08-01
2025-01-03 18:07:20,927 - db_helper - INFO - fetch_expenses_for_date called with 2024-08-02
2025-01-03 18:07:24,773 - db_helper - INFO - fetch_expenses_for_date called with 2024-08-02
2025-01-03 18:07:26,880 - db_helper - INFO - delete_expenses_for_date called with 2024-08-02
2025-01-03 18:07:26,902 - db_helper - INFO - insert_expense called with date: 2024-08-02, amount: 50.0, category: Entertainment, notes: Movie tickets
2025-01-03 18:07:26,915 - db_helper - INFO - insert_expense called with date: 2024-08-02, amount: 150.0, category: Shopping, notes: New shoes
2025-01-03 18:07:26,928 - db_helper - INFO - insert_expense called with date: 2024-08-02, amount: 400.0, category: Food, notes: Groceries for the week
2025-01-03 18:07:26,939 - db_helper - INFO - insert_expense called with date: 2024-08-02, amount: 80.0, category: Entertainment, notes: Concert tickets
2025-01-03 18:07:26,956 - db_helper - INFO - insert_expense called with date: 2024-08-02, amount: 100.0, category: Shopping, notes: Clothes
2025-01-03 18:07:32,577 - db_helper - INFO - fetch_expenses_for_date called with 2024-08-02
2025-01-03 18:07:33,925 - db_helper - INFO - fetch_expenses_for_date called with 2024-08-02
2025-01-03 18:07:36,059 - db_helper - INFO - fetch_expenses_summary called with 2024-08-01 end: 2024-08-06
2025-01-03 18:07:52,707 - db_helper - INFO - fetch_expenses_for_date called with 2024-08-02
2025-01-03 18:07:54,825 - db_helper - INFO - fetch_monthly_expense_summary called with start: 2024-08-01 end: 2024-08-05
2025-01-03 18:08:04,926 - db_helper - INFO - fetch_expenses_for_date called with 2024-08-02
2025-01-03 18:08:06,251 - db_helper - INFO - fetch_expenses_for_date called with 2024-08-02
2025-01-03 18:08:08,371 - db_helper - INFO - fetch_monthly_expense_summary called with start: 2024-08-01 end: 2024-10-30
2025-01-03 18:10:36,182 - db_helper - INFO - fetch_expenses_for_date called with 2024-08-01
2025-01-03 18:10:56,076 - db_helper - INFO - fetch_expenses_for_date called with 2024-08-05
2025-01-03 18:11:46,986 - db_helper - INFO - fetch_expenses_for_date called with 2024-08-07
2025-01-03 18:11:49,490 - db_helper - INFO - fetch_expenses_for_date called with 2024-08-07
2025-01-03 18:11:53,728 - db_helper - INFO - fetch_expenses_for_date called with 2024-08-08
2025-01-03 18:11:56,243 - db_helper - INFO - fetch_expenses_for_date called with 2024-08-08
2025-01-03 18:12:42,302 - db_helper - INFO - fetch_expenses_for_date called with 2024-08-08
2025-01-03 18:12:44,390 - db_helper - INFO - delete_expenses_for_date called with 2024-08-08
2025-01-03 18:12:44,403 - db_helper - INFO - insert_expense called with date: 2024-08-08, amount: 250.0, category: Entertainment, notes: Watched Movie
2025-01-03 18:12:51,329 - db_helper - INFO - fetch_expenses_for_date called with 2024-08-07
2025-01-03 18:12:57,934 - db_helper - INFO - fetch_expenses_for_date called with 2024-08-08
2025-01-03 18:13:41,136 - db_helper - INFO - fetch_expenses_for_date called with 2024-08-08
2025-01-03 18:13:43,270 - db_helper - INFO - fetch_expenses_summary called with 2024-08-01 end: 2024-08-05
2025-01-03 18:16:56,113 - db_helper - INFO - fetch_expenses_for_date called with 2024-08-08
2025-01-03 18:16:58,260 - db_helper - INFO - fetch_monthly_expense_summary called with start: 2024-08-01 end: 2024-08-05
2025-01-03 19:03:25,902 - db_helper - INFO - fetch_expenses_for_date called with 2024-08-01
2025-01-03 19:05:34,526 - db_helper - INFO - fetch_expenses_for_date called with 2024-08-01
2025-01-03 19:05:36,589 - db_helper - INFO - fetch_expenses_summary called with 2024-08-01 end: 2024-08-05
